<?xml version="1.0" encoding="UTF-8"?>
<!-- Generated by org.testng.reporters.JUnitXMLReporter -->
<testsuite ignored="0" hostname="LAPTOP-I2MVIV59" failures="0" tests="2" name="Default test" time="22.783" errors="0" timestamp="2024-04-05T10:08:07 IST">
  <testcase classname="SeleniumAutomationCourse.tests.SubmitOrderTest" name="SubmitOrder" time="15.166"/>
  <testcase classname="SeleniumAutomationCourse.tests.SubmitOrderTest" name="OrderHistoryTest" time="0.937"/>
</testsuite> <!-- Default test -->
