<?xml version="1.0" encoding="UTF-8"?>
<!-- Generated by org.testng.reporters.JUnitXMLReporter -->
<testsuite ignored="0" hostname="LAPTOP-I2MVIV59" failures="0" tests="4" name="Submit Order Test" time="53.663" errors="0" timestamp="2024-04-21T16:26:56 IST">
  <testcase classname="SeleniumAutomationCourse.tests.SubmitOrderTest" name="SubmitOrder" time="15.819"/>
  <testcase classname="SeleniumAutomationCourse.tests.SubmitOrderTest" name="SubmitOrder" time="15.063"/>
  <testcase classname="SeleniumAutomationCourse.tests.SubmitOrderTest" name="OrderHistoryTest" time="1.07"/>
  <testcase classname="SeleniumAutomationCourse.tests.SubmitOrderTest" name="OrderHistoryTest" time="0.981"/>
</testsuite> <!-- Submit Order Test -->
