<?xml version="1.0" encoding="UTF-8"?>
<testng-results ignored="2" total="6" passed="4" failed="0" skipped="0">
  <reporter-output>
  </reporter-output>
  <suite started-at="2024-04-21T16:26:02 IST" name="Suite" finished-at="2024-04-21T16:26:56 IST" duration-ms="53663">
    <groups>
      <group name="Purchase">
        <method signature="SubmitOrderTest.SubmitOrder(java.util.HashMap)[pri:0, instance:SeleniumAutomationCourse.tests.SubmitOrderTest@45312be2]" name="SubmitOrder" class="SeleniumAutomationCourse.tests.SubmitOrderTest"/>
      </group> <!-- Purchase -->
      <group name="Smoke">
        <method signature="SubmitOrderTest.SubmitOrder(java.util.HashMap)[pri:0, instance:SeleniumAutomationCourse.tests.SubmitOrderTest@45312be2]" name="SubmitOrder" class="SeleniumAutomationCourse.tests.SubmitOrderTest"/>
      </group> <!-- Smoke -->
      <group name="OrderHistory">
        <method signature="SubmitOrderTest.OrderHistoryTest(java.util.HashMap)[pri:0, instance:SeleniumAutomationCourse.tests.SubmitOrderTest@45312be2]" name="OrderHistoryTest" class="SeleniumAutomationCourse.tests.SubmitOrderTest"/>
      </group> <!-- OrderHistory -->
    </groups>
    <test started-at="2024-04-21T16:26:02 IST" name="Error Validation Test" finished-at="2024-04-21T16:26:02 IST" duration-ms="8">
    </test> <!-- Error Validation Test -->
    <test started-at="2024-04-21T16:26:02 IST" name="Submit Order Test" finished-at="2024-04-21T16:26:56 IST" duration-ms="53663">
      <class name="SeleniumAutomationCourse.tests.SubmitOrderTest">
        <test-method is-config="true" signature="launchApplication()[pri:0, instance:SeleniumAutomationCourse.tests.SubmitOrderTest@45312be2]" started-at="2024-04-21T16:26:02 IST" name="launchApplication" finished-at="2024-04-21T16:26:09 IST" duration-ms="6331" status="PASS">
          <reporter-output>
          </reporter-output>
        </test-method> <!-- launchApplication -->
        <test-method signature="SubmitOrder(java.util.HashMap)[pri:0, instance:SeleniumAutomationCourse.tests.SubmitOrderTest@45312be2]" started-at="2024-04-21T16:26:09 IST" name="SubmitOrder" data-provider="getData" finished-at="2024-04-21T16:26:24 IST" duration-ms="15819" status="PASS">
          <params>
            <param index="0">
              <value>
                <![CDATA[{password=Test@123, product=ZARA COAT 3, email=manager@test.com}]]>
              </value>
            </param>
          </params>
          <reporter-output>
          </reporter-output>
        </test-method> <!-- SubmitOrder -->
        <test-method is-config="true" signature="tearDown()[pri:0, instance:SeleniumAutomationCourse.tests.SubmitOrderTest@45312be2]" started-at="2024-04-21T16:26:24 IST" name="tearDown" finished-at="2024-04-21T16:26:25 IST" duration-ms="202" status="PASS">
          <reporter-output>
          </reporter-output>
        </test-method> <!-- tearDown -->
        <test-method is-config="true" signature="launchApplication()[pri:0, instance:SeleniumAutomationCourse.tests.SubmitOrderTest@45312be2]" started-at="2024-04-21T16:26:25 IST" name="launchApplication" finished-at="2024-04-21T16:26:29 IST" duration-ms="4251" status="PASS">
          <reporter-output>
          </reporter-output>
        </test-method> <!-- launchApplication -->
        <test-method signature="SubmitOrder(java.util.HashMap)[pri:0, instance:SeleniumAutomationCourse.tests.SubmitOrderTest@45312be2]" started-at="2024-04-21T16:26:29 IST" name="SubmitOrder" data-provider="getData" finished-at="2024-04-21T16:26:44 IST" duration-ms="15063" status="PASS">
          <params>
            <param index="0">
              <value>
                <![CDATA[{password=Iamking@000, product=Adidas Original, email=shetty@gmail.com}]]>
              </value>
            </param>
          </params>
          <reporter-output>
          </reporter-output>
        </test-method> <!-- SubmitOrder -->
        <test-method is-config="true" signature="tearDown()[pri:0, instance:SeleniumAutomationCourse.tests.SubmitOrderTest@45312be2]" started-at="2024-04-21T16:26:44 IST" name="tearDown" finished-at="2024-04-21T16:26:44 IST" duration-ms="164" status="PASS">
          <reporter-output>
          </reporter-output>
        </test-method> <!-- tearDown -->
        <test-method is-config="true" signature="launchApplication()[pri:0, instance:SeleniumAutomationCourse.tests.SubmitOrderTest@45312be2]" started-at="2024-04-21T16:26:44 IST" name="launchApplication" finished-at="2024-04-21T16:26:49 IST" duration-ms="4878" status="PASS">
          <reporter-output>
          </reporter-output>
        </test-method> <!-- launchApplication -->
        <test-method signature="OrderHistoryTest(java.util.HashMap)[pri:0, instance:SeleniumAutomationCourse.tests.SubmitOrderTest@45312be2]" started-at="2024-04-21T16:26:49 IST" name="OrderHistoryTest" data-provider="getData" finished-at="2024-04-21T16:26:50 IST" depends-on-methods="SeleniumAutomationCourse.tests.SubmitOrderTest.SubmitOrder" duration-ms="1070" status="PASS">
          <params>
            <param index="0">
              <value>
                <![CDATA[{password=Test@123, product=ZARA COAT 3, email=manager@test.com}]]>
              </value>
            </param>
          </params>
          <reporter-output>
          </reporter-output>
        </test-method> <!-- OrderHistoryTest -->
        <test-method is-config="true" signature="tearDown()[pri:0, instance:SeleniumAutomationCourse.tests.SubmitOrderTest@45312be2]" started-at="2024-04-21T16:26:50 IST" name="tearDown" finished-at="2024-04-21T16:26:50 IST" duration-ms="144" status="PASS">
          <reporter-output>
          </reporter-output>
        </test-method> <!-- tearDown -->
        <test-method is-config="true" signature="launchApplication()[pri:0, instance:SeleniumAutomationCourse.tests.SubmitOrderTest@45312be2]" started-at="2024-04-21T16:26:50 IST" name="launchApplication" finished-at="2024-04-21T16:26:54 IST" duration-ms="4119" status="PASS">
          <reporter-output>
          </reporter-output>
        </test-method> <!-- launchApplication -->
        <test-method signature="OrderHistoryTest(java.util.HashMap)[pri:0, instance:SeleniumAutomationCourse.tests.SubmitOrderTest@45312be2]" started-at="2024-04-21T16:26:54 IST" name="OrderHistoryTest" data-provider="getData" finished-at="2024-04-21T16:26:55 IST" depends-on-methods="SeleniumAutomationCourse.tests.SubmitOrderTest.SubmitOrder" duration-ms="981" status="PASS">
          <params>
            <param index="0">
              <value>
                <![CDATA[{password=Iamking@000, product=Adidas Original, email=shetty@gmail.com}]]>
              </value>
            </param>
          </params>
          <reporter-output>
          </reporter-output>
        </test-method> <!-- OrderHistoryTest -->
        <test-method is-config="true" signature="tearDown()[pri:0, instance:SeleniumAutomationCourse.tests.SubmitOrderTest@45312be2]" started-at="2024-04-21T16:26:55 IST" name="tearDown" finished-at="2024-04-21T16:26:56 IST" duration-ms="114" status="PASS">
          <reporter-output>
          </reporter-output>
        </test-method> <!-- tearDown -->
      </class> <!-- SeleniumAutomationCourse.tests.SubmitOrderTest -->
    </test> <!-- Submit Order Test -->
  </suite> <!-- Suite -->
</testng-results>
